<?xml version="1.0" encoding="UTF-8"?>
<testsuite name="com.cybage.androidciproject.MainActivityTest" tests="2" skipped="0" failures="0" errors="0" timestamp="2025-08-08T11:11:01" hostname="CVC2426" time="0.006">
  <properties/>
  <testcase name="testAppName" classname="com.cybage.androidciproject.MainActivityTest" time="0.005"/>
  <testcase name="dummyTest_passes" classname="com.cybage.androidciproject.MainActivityTest" time="0.0"/>
  <system-out><![CDATA[]]></system-out>
  <system-err><![CDATA[]]></system-err>
</testsuite>
