<?xml version="1.0" encoding="UTF-8"?>
<testsuite name="com.example.androidciproject.MainActivityTest" tests="2" skipped="0" failures="0" errors="0" timestamp="2025-08-08T07:07:45" hostname="CVC2426" time="0.004">
  <properties/>
  <testcase name="testAppName" classname="com.example.androidciproject.MainActivityTest" time="0.003"/>
  <testcase name="dummyTest_passes" classname="com.example.androidciproject.MainActivityTest" time="0.0"/>
  <system-out><![CDATA[]]></system-out>
  <system-err><![CDATA[]]></system-err>
</testsuite>
